\BOOKMARK [0][-]{chapter.1}{Introducci\363n}{}% 1
\BOOKMARK [1][-]{section.1.1}{Motivacion}{chapter.1}% 2
\BOOKMARK [1][-]{section.1.2}{Objetivos}{chapter.1}% 3
\BOOKMARK [2][-]{subsection.1.2.1}{Objetivos Generales}{section.1.2}% 4
\BOOKMARK [2][-]{subsection.1.2.2}{Objetivos Especificos}{section.1.2}% 5
\BOOKMARK [1][-]{section.1.3}{Aportes}{chapter.1}% 6
\BOOKMARK [1][-]{section.1.4}{Organizacion del documento}{chapter.1}% 7
\BOOKMARK [0][-]{chapter.2}{Marco Conceptual}{}% 8
\BOOKMARK [1][-]{section.2.1}{SOA y WSDL}{chapter.2}% 9
\BOOKMARK [1][-]{section.2.2}{Gobernanza en SOA}{chapter.2}% 10
\BOOKMARK [1][-]{section.2.3}{Versionado}{chapter.2}% 11
\BOOKMARK [1][-]{section.2.4}{Calidad}{chapter.2}% 12
\BOOKMARK [0][-]{chapter.3}{An\341lisis}{}% 13
\BOOKMARK [1][-]{section.3.1}{Contexto General en AGESIC}{chapter.3}% 14
\BOOKMARK [1][-]{section.3.2}{Estrategia de versionado}{chapter.3}% 15
\BOOKMARK [1][-]{section.3.3}{Calidad de servicios}{chapter.3}% 16
\BOOKMARK [0][-]{chapter.4}{Propuesta de soluci\363n}{}% 17
\BOOKMARK [1][-]{section.4.1}{Gobernanza}{chapter.4}% 18
\BOOKMARK [1][-]{section.4.2}{Versionado}{chapter.4}% 19
\BOOKMARK [1][-]{section.4.3}{Calidad}{chapter.4}% 20
\BOOKMARK [0][-]{chapter.5}{Implementaci\363n}{}% 21
\BOOKMARK [1][-]{section.5.1}{Alternativas de implementaci\363n}{chapter.5}% 22
\BOOKMARK [1][-]{section.5.2}{Decisiones de implementacion}{chapter.5}% 23
\BOOKMARK [1][-]{section.5.3}{Dificultades}{chapter.5}% 24
\BOOKMARK [1][-]{section.5.4}{Caso de estudio}{chapter.5}% 25
\BOOKMARK [0][-]{chapter.6}{Conclusiones y Trabajo a futuro}{}% 26
